-------------------------------------------------------------------------------
Test set: org.example.vehiculos.VehiculosTest
-------------------------------------------------------------------------------
Tests run: 3, Failures: 3, Errors: 0, Skipped: 0, Time elapsed: 0.171 s <<< FAILURE! -- in org.example.vehiculos.VehiculosTest
org.example.vehiculos.VehiculosTest.traits -- Time elapsed: 0.075 s <<< FAILURE!
org.opentest4j.AssertionFailedError: 
expected: <[INFO] preparando la furgo camperizada para el viaje...
[INFO] comprobando el neumático 1...
[INFO] comprobando el neumático 2...
[INFO] comprobando el neumático 3...
[INFO] comprobando el neumático 4...
[INFO] comprobando la rueda de repuesto...
[INFO] la furgo camperizada está OK. Viajando a Berlín...
[INFO] preparando la moto del Dakar para el viaje...
[INFO] comprobando el neumático 1...
[INFO] comprobando el neumático 2...
[INFO] comprobando los frenos...
[INFO] la moto del Dakar está OK. Viajando a Los Monegros...
[INFO] preparando el Optimist para el viaje...
[INFO] comprobando el estado de la vela...
[INFO] el Optimist está OK. Viajando a Cabo Verde...
> but was: <[INFO] preparando la furgo camperizada para el viaje...
[INFO] comprobando el neumático 1...
[INFO] comprobando el neumático 2...
[INFO] comprobando el neumático 3...
[INFO] comprobando el neumático 4...
[INFO] comprobando la rueda de repuesto...
[INFO] la furgo camperizada está OK. Viajando a Berlín...
[INFO] preparando la moto del Dakar para el viaje...
[INFO] comprobando el neumático 1...
[INFO] comprobando el neumático 2...
[INFO] comprobando los frenos...
[INFO] la moto del Dakar está OK. Viajando a Los Monegros...
[INFO] preparando el Optimist para el viaje...
[INFO] el Optimist está OK. Viajando a Cabo Verde...
>
	at org.junit.jupiter.api.AssertionFailureBuilder.build(AssertionFailureBuilder.java:151)
	at org.junit.jupiter.api.AssertionFailureBuilder.buildAndThrow(AssertionFailureBuilder.java:132)
	at org.junit.jupiter.api.AssertEquals.failNotEqual(AssertEquals.java:197)
	at org.junit.jupiter.api.AssertEquals.assertEquals(AssertEquals.java:182)
	at org.junit.jupiter.api.AssertEquals.assertEquals(AssertEquals.java:177)
	at org.junit.jupiter.api.Assertions.assertEquals(Assertions.java:1145)
	at org.example.vehiculos.VehiculosTest.afterEach(VehiculosTest.java:61)
	at java.base/java.lang.reflect.Method.invoke(Method.java:568)
	at java.base/java.util.ArrayList.forEach(ArrayList.java:1511)
	at java.base/java.util.ArrayList.forEach(ArrayList.java:1511)

org.example.vehiculos.VehiculosTest.classes -- Time elapsed: 0.006 s <<< FAILURE!
org.opentest4j.AssertionFailedError: 
expected: <[INFO] preparando la furgo camperizada para el viaje...
[INFO] comprobando el neumático 1...
[INFO] comprobando el neumático 2...
[INFO] comprobando el neumático 3...
[INFO] comprobando el neumático 4...
[INFO] comprobando la rueda de repuesto...
[INFO] la furgo camperizada está OK. Viajando a Berlín...
[INFO] preparando la moto del Dakar para el viaje...
[INFO] comprobando el neumático 1...
[INFO] comprobando el neumático 2...
[INFO] comprobando los frenos...
[INFO] la moto del Dakar está OK. Viajando a Los Monegros...
[INFO] preparando el Optimist para el viaje...
[INFO] comprobando el estado de la vela...
[INFO] el Optimist está OK. Viajando a Cabo Verde...
> but was: <[INFO] preparando la furgo camperizada para el viaje...
[INFO] comprobando el neumático 1...
[INFO] comprobando el neumático 2...
[INFO] comprobando el neumático 3...
[INFO] comprobando el neumático 4...
[INFO] comprobando la rueda de repuesto...
[INFO] la furgo camperizada está OK. Viajando a Berlín...
[INFO] preparando la moto del Dakar para el viaje...
[INFO] comprobando el neumático 1...
[INFO] comprobando el neumático 2...
[INFO] comprobando los frenos...
[INFO] la moto del Dakar está OK. Viajando a Los Monegros...
[INFO] preparando el Optimist para el viaje...
[INFO] el Optimist está OK. Viajando a Cabo Verde...
>
	at org.junit.jupiter.api.AssertionFailureBuilder.build(AssertionFailureBuilder.java:151)
	at org.junit.jupiter.api.AssertionFailureBuilder.buildAndThrow(AssertionFailureBuilder.java:132)
	at org.junit.jupiter.api.AssertEquals.failNotEqual(AssertEquals.java:197)
	at org.junit.jupiter.api.AssertEquals.assertEquals(AssertEquals.java:182)
	at org.junit.jupiter.api.AssertEquals.assertEquals(AssertEquals.java:177)
	at org.junit.jupiter.api.Assertions.assertEquals(Assertions.java:1145)
	at org.example.vehiculos.VehiculosTest.afterEach(VehiculosTest.java:61)
	at java.base/java.lang.reflect.Method.invoke(Method.java:568)
	at java.base/java.util.ArrayList.forEach(ArrayList.java:1511)
	at java.base/java.util.ArrayList.forEach(ArrayList.java:1511)

org.example.vehiculos.VehiculosTest.services -- Time elapsed: 0.023 s <<< FAILURE!
org.opentest4j.AssertionFailedError: 
expected: <[INFO] preparando la furgo camperizada para el viaje...
[INFO] comprobando el neumático 1...
[INFO] comprobando el neumático 2...
[INFO] comprobando el neumático 3...
[INFO] comprobando el neumático 4...
[INFO] comprobando la rueda de repuesto...
[INFO] la furgo camperizada está OK. Viajando a Berlín...
[INFO] preparando la moto del Dakar para el viaje...
[INFO] comprobando el neumático 1...
[INFO] comprobando el neumático 2...
[INFO] comprobando los frenos...
[INFO] la moto del Dakar está OK. Viajando a Los Monegros...
[INFO] preparando el Optimist para el viaje...
[INFO] comprobando el estado de la vela...
[INFO] el Optimist está OK. Viajando a Cabo Verde...
> but was: <[INFO] preparando la furgo camperizada para el viaje...
[INFO] comprobando el neumático 1...
[INFO] comprobando el neumático 2...
[INFO] comprobando el neumático 3...
[INFO] comprobando el neumático 4...
[INFO] comprobando la rueda de repuesto...
[INFO] la furgo camperizada está OK. Viajando a Berlín...
[INFO] preparando la moto del Dakar para el viaje...
[INFO] comprobando el neumático 1...
[INFO] comprobando el neumático 2...
[INFO] comprobando los frenos...
[INFO] la moto del Dakar está OK. Viajando a Los Monegros...
[INFO] preparando el Optimist para el viaje...
[INFO] el Optimist está OK. Viajando a Cabo Verde...
>
	at org.junit.jupiter.api.AssertionFailureBuilder.build(AssertionFailureBuilder.java:151)
	at org.junit.jupiter.api.AssertionFailureBuilder.buildAndThrow(AssertionFailureBuilder.java:132)
	at org.junit.jupiter.api.AssertEquals.failNotEqual(AssertEquals.java:197)
	at org.junit.jupiter.api.AssertEquals.assertEquals(AssertEquals.java:182)
	at org.junit.jupiter.api.AssertEquals.assertEquals(AssertEquals.java:177)
	at org.junit.jupiter.api.Assertions.assertEquals(Assertions.java:1145)
	at org.example.vehiculos.VehiculosTest.afterEach(VehiculosTest.java:61)
	at java.base/java.lang.reflect.Method.invoke(Method.java:568)
	at java.base/java.util.ArrayList.forEach(ArrayList.java:1511)
	at java.base/java.util.ArrayList.forEach(ArrayList.java:1511)

