<?xml version="1.0" encoding="UTF-8"?>
<testsuite xmlns:xsi="http://www.w3.org/2001/XMLSchema-instance" xsi:noNamespaceSchemaLocation="https://maven.apache.org/surefire/maven-surefire-plugin/xsd/surefire-test-report-3.0.xsd" version="3.0" name="org.example.vehiculos.VehiculosTest" time="0.171" tests="3" errors="0" skipped="0" failures="3">
  <properties>
[...]
</properties>
  <testcase name="traits" classname="org.example.vehiculos.VehiculosTest" time="0.075">
    <failure message="expected: &lt;[INFO] preparando la furgo camperizada para el viaje...&#10;[INFO] comprobando el neumático 1...&#10;[INFO] comprobando el neumático 2...&#10;[INFO] comprobando el neumático 3...&#10;[INFO] comprobando el neumático 4...&#10;[INFO] comprobando la rueda de repuesto...&#10;[INFO] la furgo camperizada está OK. Viajando a Berlín...&#10;[INFO] preparando la moto del Dakar para el viaje...&#10;[INFO] comprobando el neumático 1...&#10;[INFO] comprobando el neumático 2...&#10;[INFO] comprobando los frenos...&#10;[INFO] la moto del Dakar está OK. Viajando a Los Monegros...&#10;[INFO] preparando el Optimist para el viaje...&#10;[INFO] comprobando el estado de la vela...&#10;[INFO] el Optimist está OK. Viajando a Cabo Verde...&#10;&gt; but was: &lt;[INFO] preparando la furgo camperizada para el viaje...&#10;[INFO] comprobando el neumático 1...&#10;[INFO] comprobando el neumático 2...&#10;[INFO] comprobando el neumático 3...&#10;[INFO] comprobando el neumático 4...&#10;[INFO] comprobando la rueda de repuesto...&#10;[INFO] la furgo camperizada está OK. Viajando a Berlín...&#10;[INFO] preparando la moto del Dakar para el viaje...&#10;[INFO] comprobando el neumático 1...&#10;[INFO] comprobando el neumático 2...&#10;[INFO] comprobando los frenos...&#10;[INFO] la moto del Dakar está OK. Viajando a Los Monegros...&#10;[INFO] preparando el Optimist para el viaje...&#10;[INFO] el Optimist está OK. Viajando a Cabo Verde...&#10;&gt;" type="org.opentest4j.AssertionFailedError"><![CDATA[org.opentest4j.AssertionFailedError: 
expected: <[INFO] preparando la furgo camperizada para el viaje...
[INFO] comprobando el neumático 1...
[INFO] comprobando el neumático 2...
[INFO] comprobando el neumático 3...
[INFO] comprobando el neumático 4...
[INFO] comprobando la rueda de repuesto...
[INFO] la furgo camperizada está OK. Viajando a Berlín...
[INFO] preparando la moto del Dakar para el viaje...
[INFO] comprobando el neumático 1...
[INFO] comprobando el neumático 2...
[INFO] comprobando los frenos...
[INFO] la moto del Dakar está OK. Viajando a Los Monegros...
[INFO] preparando el Optimist para el viaje...
[INFO] comprobando el estado de la vela...
[INFO] el Optimist está OK. Viajando a Cabo Verde...
> but was: <[INFO] preparando la furgo camperizada para el viaje...
[INFO] comprobando el neumático 1...
[INFO] comprobando el neumático 2...
[INFO] comprobando el neumático 3...
[INFO] comprobando el neumático 4...
[INFO] comprobando la rueda de repuesto...
[INFO] la furgo camperizada está OK. Viajando a Berlín...
[INFO] preparando la moto del Dakar para el viaje...
[INFO] comprobando el neumático 1...
[INFO] comprobando el neumático 2...
[INFO] comprobando los frenos...
[INFO] la moto del Dakar está OK. Viajando a Los Monegros...
[INFO] preparando el Optimist para el viaje...
[INFO] el Optimist está OK. Viajando a Cabo Verde...
>
	at org.junit.jupiter.api.AssertionFailureBuilder.build(AssertionFailureBuilder.java:151)
	at org.junit.jupiter.api.AssertionFailureBuilder.buildAndThrow(AssertionFailureBuilder.java:132)
	at org.junit.jupiter.api.AssertEquals.failNotEqual(AssertEquals.java:197)
	at org.junit.jupiter.api.AssertEquals.assertEquals(AssertEquals.java:182)
	at org.junit.jupiter.api.AssertEquals.assertEquals(AssertEquals.java:177)
	at org.junit.jupiter.api.Assertions.assertEquals(Assertions.java:1145)
	at org.example.vehiculos.VehiculosTest.afterEach(VehiculosTest.java:61)
	at java.base/java.lang.reflect.Method.invoke(Method.java:568)
	at java.base/java.util.ArrayList.forEach(ArrayList.java:1511)
	at java.base/java.util.ArrayList.forEach(ArrayList.java:1511)
]]></failure>
  </testcase>
  <testcase name="classes" classname="org.example.vehiculos.VehiculosTest" time="0.006">
    <failure message="expected: &lt;[INFO] preparando la furgo camperizada para el viaje...&#10;[INFO] comprobando el neumático 1...&#10;[INFO] comprobando el neumático 2...&#10;[INFO] comprobando el neumático 3...&#10;[INFO] comprobando el neumático 4...&#10;[INFO] comprobando la rueda de repuesto...&#10;[INFO] la furgo camperizada está OK. Viajando a Berlín...&#10;[INFO] preparando la moto del Dakar para el viaje...&#10;[INFO] comprobando el neumático 1...&#10;[INFO] comprobando el neumático 2...&#10;[INFO] comprobando los frenos...&#10;[INFO] la moto del Dakar está OK. Viajando a Los Monegros...&#10;[INFO] preparando el Optimist para el viaje...&#10;[INFO] comprobando el estado de la vela...&#10;[INFO] el Optimist está OK. Viajando a Cabo Verde...&#10;&gt; but was: &lt;[INFO] preparando la furgo camperizada para el viaje...&#10;[INFO] comprobando el neumático 1...&#10;[INFO] comprobando el neumático 2...&#10;[INFO] comprobando el neumático 3...&#10;[INFO] comprobando el neumático 4...&#10;[INFO] comprobando la rueda de repuesto...&#10;[INFO] la furgo camperizada está OK. Viajando a Berlín...&#10;[INFO] preparando la moto del Dakar para el viaje...&#10;[INFO] comprobando el neumático 1...&#10;[INFO] comprobando el neumático 2...&#10;[INFO] comprobando los frenos...&#10;[INFO] la moto del Dakar está OK. Viajando a Los Monegros...&#10;[INFO] preparando el Optimist para el viaje...&#10;[INFO] el Optimist está OK. Viajando a Cabo Verde...&#10;&gt;" type="org.opentest4j.AssertionFailedError"><![CDATA[org.opentest4j.AssertionFailedError: 
expected: <[INFO] preparando la furgo camperizada para el viaje...
[INFO] comprobando el neumático 1...
[INFO] comprobando el neumático 2...
[INFO] comprobando el neumático 3...
[INFO] comprobando el neumático 4...
[INFO] comprobando la rueda de repuesto...
[INFO] la furgo camperizada está OK. Viajando a Berlín...
[INFO] preparando la moto del Dakar para el viaje...
[INFO] comprobando el neumático 1...
[INFO] comprobando el neumático 2...
[INFO] comprobando los frenos...
[INFO] la moto del Dakar está OK. Viajando a Los Monegros...
[INFO] preparando el Optimist para el viaje...
[INFO] comprobando el estado de la vela...
[INFO] el Optimist está OK. Viajando a Cabo Verde...
> but was: <[INFO] preparando la furgo camperizada para el viaje...
[INFO] comprobando el neumático 1...
[INFO] comprobando el neumático 2...
[INFO] comprobando el neumático 3...
[INFO] comprobando el neumático 4...
[INFO] comprobando la rueda de repuesto...
[INFO] la furgo camperizada está OK. Viajando a Berlín...
[INFO] preparando la moto del Dakar para el viaje...
[INFO] comprobando el neumático 1...
[INFO] comprobando el neumático 2...
[INFO] comprobando los frenos...
[INFO] la moto del Dakar está OK. Viajando a Los Monegros...
[INFO] preparando el Optimist para el viaje...
[INFO] el Optimist está OK. Viajando a Cabo Verde...
>
	at org.junit.jupiter.api.AssertionFailureBuilder.build(AssertionFailureBuilder.java:151)
	at org.junit.jupiter.api.AssertionFailureBuilder.buildAndThrow(AssertionFailureBuilder.java:132)
	at org.junit.jupiter.api.AssertEquals.failNotEqual(AssertEquals.java:197)
	at org.junit.jupiter.api.AssertEquals.assertEquals(AssertEquals.java:182)
	at org.junit.jupiter.api.AssertEquals.assertEquals(AssertEquals.java:177)
	at org.junit.jupiter.api.Assertions.assertEquals(Assertions.java:1145)
	at org.example.vehiculos.VehiculosTest.afterEach(VehiculosTest.java:61)
	at java.base/java.lang.reflect.Method.invoke(Method.java:568)
	at java.base/java.util.ArrayList.forEach(ArrayList.java:1511)
	at java.base/java.util.ArrayList.forEach(ArrayList.java:1511)
]]></failure>
  </testcase>
  <testcase name="services" classname="org.example.vehiculos.VehiculosTest" time="0.023">
    <failure message="expected: &lt;[INFO] preparando la furgo camperizada para el viaje...&#10;[INFO] comprobando el neumático 1...&#10;[INFO] comprobando el neumático 2...&#10;[INFO] comprobando el neumático 3...&#10;[INFO] comprobando el neumático 4...&#10;[INFO] comprobando la rueda de repuesto...&#10;[INFO] la furgo camperizada está OK. Viajando a Berlín...&#10;[INFO] preparando la moto del Dakar para el viaje...&#10;[INFO] comprobando el neumático 1...&#10;[INFO] comprobando el neumático 2...&#10;[INFO] comprobando los frenos...&#10;[INFO] la moto del Dakar está OK. Viajando a Los Monegros...&#10;[INFO] preparando el Optimist para el viaje...&#10;[INFO] comprobando el estado de la vela...&#10;[INFO] el Optimist está OK. Viajando a Cabo Verde...&#10;&gt; but was: &lt;[INFO] preparando la furgo camperizada para el viaje...&#10;[INFO] comprobando el neumático 1...&#10;[INFO] comprobando el neumático 2...&#10;[INFO] comprobando el neumático 3...&#10;[INFO] comprobando el neumático 4...&#10;[INFO] comprobando la rueda de repuesto...&#10;[INFO] la furgo camperizada está OK. Viajando a Berlín...&#10;[INFO] preparando la moto del Dakar para el viaje...&#10;[INFO] comprobando el neumático 1...&#10;[INFO] comprobando el neumático 2...&#10;[INFO] comprobando los frenos...&#10;[INFO] la moto del Dakar está OK. Viajando a Los Monegros...&#10;[INFO] preparando el Optimist para el viaje...&#10;[INFO] el Optimist está OK. Viajando a Cabo Verde...&#10;&gt;" type="org.opentest4j.AssertionFailedError"><![CDATA[org.opentest4j.AssertionFailedError: 
expected: <[INFO] preparando la furgo camperizada para el viaje...
[INFO] comprobando el neumático 1...
[INFO] comprobando el neumático 2...
[INFO] comprobando el neumático 3...
[INFO] comprobando el neumático 4...
[INFO] comprobando la rueda de repuesto...
[INFO] la furgo camperizada está OK. Viajando a Berlín...
[INFO] preparando la moto del Dakar para el viaje...
[INFO] comprobando el neumático 1...
[INFO] comprobando el neumático 2...
[INFO] comprobando los frenos...
[INFO] la moto del Dakar está OK. Viajando a Los Monegros...
[INFO] preparando el Optimist para el viaje...
[INFO] comprobando el estado de la vela...
[INFO] el Optimist está OK. Viajando a Cabo Verde...
> but was: <[INFO] preparando la furgo camperizada para el viaje...
[INFO] comprobando el neumático 1...
[INFO] comprobando el neumático 2...
[INFO] comprobando el neumático 3...
[INFO] comprobando el neumático 4...
[INFO] comprobando la rueda de repuesto...
[INFO] la furgo camperizada está OK. Viajando a Berlín...
[INFO] preparando la moto del Dakar para el viaje...
[INFO] comprobando el neumático 1...
[INFO] comprobando el neumático 2...
[INFO] comprobando los frenos...
[INFO] la moto del Dakar está OK. Viajando a Los Monegros...
[INFO] preparando el Optimist para el viaje...
[INFO] el Optimist está OK. Viajando a Cabo Verde...
>
	at org.junit.jupiter.api.AssertionFailureBuilder.build(AssertionFailureBuilder.java:151)
	at org.junit.jupiter.api.AssertionFailureBuilder.buildAndThrow(AssertionFailureBuilder.java:132)
	at org.junit.jupiter.api.AssertEquals.failNotEqual(AssertEquals.java:197)
	at org.junit.jupiter.api.AssertEquals.assertEquals(AssertEquals.java:182)
	at org.junit.jupiter.api.AssertEquals.assertEquals(AssertEquals.java:177)
	at org.junit.jupiter.api.Assertions.assertEquals(Assertions.java:1145)
	at org.example.vehiculos.VehiculosTest.afterEach(VehiculosTest.java:61)
	at java.base/java.lang.reflect.Method.invoke(Method.java:568)
	at java.base/java.util.ArrayList.forEach(ArrayList.java:1511)
	at java.base/java.util.ArrayList.forEach(ArrayList.java:1511)
]]></failure>
  </testcase>
</testsuite>