<?xml version="1.0" encoding="UTF-8"?>
<testsuite xmlns:xsi="http://www.w3.org/2001/XMLSchema-instance" xsi:noNamespaceSchemaLocation="https://maven.apache.org/surefire/maven-surefire-plugin/xsd/surefire-test-report-3.0.xsd" version="3.0" name="org.example.vehiculos.VehiculosTest" time="0.102" tests="3" errors="0" skipped="0" failures="0">
  <properties>
[...]
</properties>
  <testcase name="traits" classname="org.example.vehiculos.VehiculosTest" time="0.054"/>
  <testcase name="classes" classname="org.example.vehiculos.VehiculosTest" time="0.003"/>
  <testcase name="services" classname="org.example.vehiculos.VehiculosTest" time="0.011"/>
</testsuite>